{"/Users/ephoton/workspace/ephoton/one.io/build/src/utils/index.js":{"path":"/Users/ephoton/workspace/ephoton/one.io/build/src/utils/index.js","s":{"1":1,"2":1,"3":1,"4":1,"5":1,"6":1,"7":1,"8":1,"9":1,"10":1,"11":1,"12":14,"13":1,"14":1,"15":1,"16":1,"17":1,"18":1,"19":1,"20":1,"21":2,"22":2,"23":1,"24":1,"25":0,"26":1,"27":1,"28":1,"29":0,"30":0,"31":0,"32":0,"33":0,"34":0,"35":1,"36":1,"37":1,"38":8,"39":1,"40":1,"41":1,"42":1,"43":1,"44":0,"45":1,"46":0,"47":1,"48":1,"49":1,"50":1,"51":1,"52":0,"53":1,"54":1,"55":1,"56":1,"57":1,"58":1,"59":1},"b":{"1":[1,1],"2":[1,1,0],"3":[1,1],"4":[1,0],"5":[1,1,1],"6":[1,1],"7":[2,2],"8":[0,1],"9":[0,0],"10":[0,0],"11":[0,0],"12":[0,1],"13":[1,0],"14":[0,1],"15":[1,1],"16":[0,1],"17":[1,1,0],"18":[1,0],"19":[0,1],"20":[1,1],"21":[1,0],"22":[1,1,1],"23":[1,1]},"f":{"1":1,"2":14,"3":1,"4":1,"5":0,"6":1,"7":1},"fnMap":{"1":{"name":"getRouteName","line":6,"loc":{"start":{"line":6,"column":0},"end":{"line":6,"column":34}}},"2":{"name":"generateMessage","line":12,"loc":{"start":{"line":12,"column":0},"end":{"line":12,"column":38}}},"3":{"name":"formantErrorMessage","line":19,"loc":{"start":{"line":19,"column":0},"end":{"line":19,"column":53}}},"4":{"name":"getFiles","line":28,"loc":{"start":{"line":28,"column":0},"end":{"line":28,"column":29}}},"5":{"name":"getMethods","line":44,"loc":{"start":{"line":44,"column":0},"end":{"line":44,"column":28}}},"6":{"name":"filtePath","line":56,"loc":{"start":{"line":56,"column":0},"end":{"line":56,"column":25}}},"7":{"name":"getParams","line":60,"loc":{"start":{"line":60,"column":0},"end":{"line":60,"column":30}}}},"statementMap":{"1":{"start":{"line":2,"column":0},"end":{"line":2,"column":62}},"2":{"start":{"line":3,"column":0},"end":{"line":3,"column":31}},"3":{"start":{"line":4,"column":0},"end":{"line":4,"column":29}},"4":{"start":{"line":5,"column":0},"end":{"line":5,"column":41}},"5":{"start":{"line":6,"column":0},"end":{"line":10,"column":1}},"6":{"start":{"line":7,"column":4},"end":{"line":7,"column":32}},"7":{"start":{"line":8,"column":4},"end":{"line":8,"column":76}},"8":{"start":{"line":9,"column":4},"end":{"line":9,"column":119}},"9":{"start":{"line":9,"column":64},"end":{"line":9,"column":109}},"10":{"start":{"line":11,"column":0},"end":{"line":11,"column":36}},"11":{"start":{"line":12,"column":0},"end":{"line":17,"column":1}},"12":{"start":{"line":13,"column":4},"end":{"line":16,"column":6}},"13":{"start":{"line":18,"column":0},"end":{"line":18,"column":42}},"14":{"start":{"line":19,"column":0},"end":{"line":26,"column":1}},"15":{"start":{"line":20,"column":4},"end":{"line":25,"column":7}},"16":{"start":{"line":27,"column":0},"end":{"line":27,"column":50}},"17":{"start":{"line":28,"column":0},"end":{"line":42,"column":1}},"18":{"start":{"line":29,"column":4},"end":{"line":29,"column":21}},"19":{"start":{"line":30,"column":4},"end":{"line":40,"column":5}},"20":{"start":{"line":31,"column":8},"end":{"line":39,"column":11}},"21":{"start":{"line":32,"column":12},"end":{"line":32,"column":54}},"22":{"start":{"line":33,"column":12},"end":{"line":38,"column":13}},"23":{"start":{"line":34,"column":16},"end":{"line":34,"column":37}},"24":{"start":{"line":36,"column":17},"end":{"line":38,"column":13}},"25":{"start":{"line":37,"column":16},"end":{"line":37,"column":55}},"26":{"start":{"line":41,"column":4},"end":{"line":41,"column":17}},"27":{"start":{"line":43,"column":0},"end":{"line":43,"column":28}},"28":{"start":{"line":44,"column":0},"end":{"line":54,"column":1}},"29":{"start":{"line":45,"column":4},"end":{"line":47,"column":5}},"30":{"start":{"line":46,"column":8},"end":{"line":46,"column":18}},"31":{"start":{"line":48,"column":4},"end":{"line":53,"column":7}},"32":{"start":{"line":49,"column":8},"end":{"line":51,"column":9}},"33":{"start":{"line":50,"column":12},"end":{"line":50,"column":24}},"34":{"start":{"line":52,"column":8},"end":{"line":52,"column":21}},"35":{"start":{"line":55,"column":0},"end":{"line":55,"column":32}},"36":{"start":{"line":56,"column":0},"end":{"line":58,"column":1}},"37":{"start":{"line":57,"column":4},"end":{"line":57,"column":79}},"38":{"start":{"line":57,"column":59},"end":{"line":57,"column":65}},"39":{"start":{"line":59,"column":0},"end":{"line":59,"column":30}},"40":{"start":{"line":60,"column":0},"end":{"line":94,"column":1}},"41":{"start":{"line":61,"column":4},"end":{"line":61,"column":30}},"42":{"start":{"line":62,"column":4},"end":{"line":62,"column":51}},"43":{"start":{"line":63,"column":4},"end":{"line":72,"column":5}},"44":{"start":{"line":64,"column":8},"end":{"line":66,"column":10}},"45":{"start":{"line":68,"column":9},"end":{"line":72,"column":5}},"46":{"start":{"line":69,"column":8},"end":{"line":71,"column":10}},"47":{"start":{"line":73,"column":4},"end":{"line":75,"column":7}},"48":{"start":{"line":74,"column":8},"end":{"line":74,"column":45}},"49":{"start":{"line":76,"column":4},"end":{"line":76,"column":56}},"50":{"start":{"line":77,"column":4},"end":{"line":77,"column":20}},"51":{"start":{"line":78,"column":4},"end":{"line":82,"column":5}},"52":{"start":{"line":79,"column":8},"end":{"line":81,"column":10}},"53":{"start":{"line":83,"column":4},"end":{"line":89,"column":7}},"54":{"start":{"line":84,"column":8},"end":{"line":84,"column":42}},"55":{"start":{"line":85,"column":8},"end":{"line":85,"column":44}},"56":{"start":{"line":86,"column":8},"end":{"line":88,"column":9}},"57":{"start":{"line":87,"column":12},"end":{"line":87,"column":38}},"58":{"start":{"line":90,"column":4},"end":{"line":93,"column":6}},"59":{"start":{"line":95,"column":0},"end":{"line":95,"column":30}}},"branchMap":{"1":{"line":8,"type":"binary-expr","locations":[{"start":{"line":8,"column":20},"end":{"line":8,"column":50}},{"start":{"line":8,"column":54},"end":{"line":8,"column":75}}]},"2":{"line":9,"type":"binary-expr","locations":[{"start":{"line":9,"column":15},"end":{"line":9,"column":22}},{"start":{"line":9,"column":26},"end":{"line":9,"column":110}},{"start":{"line":9,"column":114},"end":{"line":9,"column":116}}]},"3":{"line":24,"type":"binary-expr","locations":[{"start":{"line":24,"column":14},"end":{"line":24,"column":18}},{"start":{"line":24,"column":22},"end":{"line":24,"column":24}}]},"4":{"line":30,"type":"if","locations":[{"start":{"line":30,"column":4},"end":{"line":30,"column":4}},{"start":{"line":30,"column":4},"end":{"line":30,"column":4}}]},"5":{"line":30,"type":"binary-expr","locations":[{"start":{"line":30,"column":8},"end":{"line":30,"column":12}},{"start":{"line":30,"column":16},"end":{"line":30,"column":19}},{"start":{"line":30,"column":23},"end":{"line":30,"column":54}}]},"6":{"line":33,"type":"if","locations":[{"start":{"line":33,"column":12},"end":{"line":33,"column":12}},{"start":{"line":33,"column":12},"end":{"line":33,"column":12}}]},"7":{"line":33,"type":"binary-expr","locations":[{"start":{"line":33,"column":16},"end":{"line":33,"column":46}},{"start":{"line":33,"column":50},"end":{"line":33,"column":64}}]},"8":{"line":36,"type":"if","locations":[{"start":{"line":36,"column":17},"end":{"line":36,"column":17}},{"start":{"line":36,"column":17},"end":{"line":36,"column":17}}]},"9":{"line":45,"type":"if","locations":[{"start":{"line":45,"column":4},"end":{"line":45,"column":4}},{"start":{"line":45,"column":4},"end":{"line":45,"column":4}}]},"10":{"line":49,"type":"if","locations":[{"start":{"line":49,"column":8},"end":{"line":49,"column":8}},{"start":{"line":49,"column":8},"end":{"line":49,"column":8}}]},"11":{"line":49,"type":"binary-expr","locations":[{"start":{"line":49,"column":12},"end":{"line":49,"column":28}},{"start":{"line":49,"column":32},"end":{"line":49,"column":63}}]},"12":{"line":57,"type":"cond-expr","locations":[{"start":{"line":57,"column":19},"end":{"line":57,"column":21}},{"start":{"line":57,"column":24},"end":{"line":57,"column":78}}]},"13":{"line":62,"type":"binary-expr","locations":[{"start":{"line":62,"column":24},"end":{"line":62,"column":44}},{"start":{"line":62,"column":48},"end":{"line":62,"column":50}}]},"14":{"line":63,"type":"if","locations":[{"start":{"line":63,"column":4},"end":{"line":63,"column":4}},{"start":{"line":63,"column":4},"end":{"line":63,"column":4}}]},"15":{"line":63,"type":"binary-expr","locations":[{"start":{"line":63,"column":8},"end":{"line":63,"column":12}},{"start":{"line":63,"column":16},"end":{"line":63,"column":21}}]},"16":{"line":68,"type":"if","locations":[{"start":{"line":68,"column":9},"end":{"line":68,"column":9}},{"start":{"line":68,"column":9},"end":{"line":68,"column":9}}]},"17":{"line":68,"type":"binary-expr","locations":[{"start":{"line":68,"column":13},"end":{"line":68,"column":25}},{"start":{"line":68,"column":29},"end":{"line":68,"column":48}},{"start":{"line":68,"column":52},"end":{"line":68,"column":64}}]},"18":{"line":76,"type":"binary-expr","locations":[{"start":{"line":76,"column":23},"end":{"line":76,"column":49}},{"start":{"line":76,"column":53},"end":{"line":76,"column":55}}]},"19":{"line":78,"type":"if","locations":[{"start":{"line":78,"column":4},"end":{"line":78,"column":4}},{"start":{"line":78,"column":4},"end":{"line":78,"column":4}}]},"20":{"line":78,"type":"binary-expr","locations":[{"start":{"line":78,"column":8},"end":{"line":78,"column":19}},{"start":{"line":78,"column":23},"end":{"line":78,"column":41}}]},"21":{"line":86,"type":"if","locations":[{"start":{"line":86,"column":8},"end":{"line":86,"column":8}},{"start":{"line":86,"column":8},"end":{"line":86,"column":8}}]},"22":{"line":86,"type":"binary-expr","locations":[{"start":{"line":86,"column":12},"end":{"line":86,"column":15}},{"start":{"line":86,"column":19},"end":{"line":86,"column":24}},{"start":{"line":86,"column":28},"end":{"line":86,"column":56}}]},"23":{"line":92,"type":"binary-expr","locations":[{"start":{"line":92,"column":17},"end":{"line":92,"column":61}},{"start":{"line":92,"column":65},"end":{"line":92,"column":112}}]}}},"/Users/ephoton/workspace/ephoton/one.io/build/src/error.js":{"path":"/Users/ephoton/workspace/ephoton/one.io/build/src/error.js","s":{"1":1,"2":1,"3":1},"b":{},"f":{},"fnMap":{},"statementMap":{"1":{"start":{"line":2,"column":0},"end":{"line":2,"column":62}},"2":{"start":{"line":3,"column":0},"end":{"line":3,"column":35}},"3":{"start":{"line":4,"column":0},"end":{"line":26,"column":2}}},"branchMap":{}}}