TN:
SF:/Users/ephoton/workspace/ephoton/one.io/build/src/utils/index.js
FN:6,getRouteName
FN:12,generateMessage
FN:19,formantErrorMessage
FN:28,getFiles
FN:44,getMethods
FN:56,filtePath
FN:60,getParams
FNF:7
FNH:6
FNDA:1,getRouteName
FNDA:14,generateMessage
FNDA:1,formantErrorMessage
FNDA:1,getFiles
FNDA:0,getMethods
FNDA:1,filtePath
FNDA:1,getParams
DA:2,1
DA:3,1
DA:4,1
DA:5,1
DA:6,1
DA:7,1
DA:8,1
DA:9,1
DA:11,1
DA:12,1
DA:13,14
DA:18,1
DA:19,1
DA:20,1
DA:27,1
DA:28,1
DA:29,1
DA:30,1
DA:31,1
DA:32,2
DA:33,2
DA:34,1
DA:36,1
DA:37,0
DA:41,1
DA:43,1
DA:44,1
DA:45,0
DA:46,0
DA:48,0
DA:49,0
DA:50,0
DA:52,0
DA:55,1
DA:56,1
DA:57,8
DA:59,1
DA:60,1
DA:61,1
DA:62,1
DA:63,1
DA:64,0
DA:68,1
DA:69,0
DA:73,1
DA:74,1
DA:76,1
DA:77,1
DA:78,1
DA:79,0
DA:83,1
DA:84,1
DA:85,1
DA:86,1
DA:87,1
DA:90,1
DA:95,1
LF:57
LH:47
BRDA:8,1,0,1
BRDA:8,1,1,1
BRDA:9,2,0,1
BRDA:9,2,1,1
BRDA:9,2,2,0
BRDA:24,3,0,1
BRDA:24,3,1,1
BRDA:30,4,0,1
BRDA:30,4,1,0
BRDA:30,5,0,1
BRDA:30,5,1,1
BRDA:30,5,2,1
BRDA:33,6,0,1
BRDA:33,6,1,1
BRDA:33,7,0,2
BRDA:33,7,1,2
BRDA:36,8,0,0
BRDA:36,8,1,1
BRDA:45,9,0,0
BRDA:45,9,1,0
BRDA:49,10,0,0
BRDA:49,10,1,0
BRDA:49,11,0,0
BRDA:49,11,1,0
BRDA:57,12,0,0
BRDA:57,12,1,1
BRDA:62,13,0,1
BRDA:62,13,1,0
BRDA:63,14,0,0
BRDA:63,14,1,1
BRDA:63,15,0,1
BRDA:63,15,1,1
BRDA:68,16,0,0
BRDA:68,16,1,1
BRDA:68,17,0,1
BRDA:68,17,1,1
BRDA:68,17,2,0
BRDA:76,18,0,1
BRDA:76,18,1,0
BRDA:78,19,0,0
BRDA:78,19,1,1
BRDA:78,20,0,1
BRDA:78,20,1,1
BRDA:86,21,0,1
BRDA:86,21,1,0
BRDA:86,22,0,1
BRDA:86,22,1,1
BRDA:86,22,2,1
BRDA:92,23,0,1
BRDA:92,23,1,1
BRF:50
BRH:33
end_of_record
TN:
SF:/Users/ephoton/workspace/ephoton/one.io/build/src/error.js
FNF:0
FNH:0
DA:2,1
DA:3,1
DA:4,1
LF:3
LH:3
BRF:0
BRH:0
end_of_record
